TN:
SF:app.js
FN:20,(anonymous_0)
FNF:1
FNH:1
FNDA:1,(anonymous_0)
DA:1,1
DA:2,1
DA:3,1
DA:4,1
DA:5,1
DA:6,1
DA:7,1
DA:9,1
DA:10,1
DA:11,1
DA:14,1
DA:15,1
DA:16,1
DA:17,1
DA:18,1
DA:20,1
DA:21,1
DA:24,1
DA:25,1
DA:26,1
DA:27,1
DA:28,1
DA:29,1
DA:32,1
DA:33,1
DA:34,1
DA:35,1
DA:41,1
DA:42,1
DA:44,1
LF:30
LH:30
BRF:0
BRH:0
end_of_record
TN:
SF:swagger.js
FNF:0
FNH:0
DA:1,1
LF:1
LH:1
BRDA:8,0,0,1
BRDA:8,0,1,1
BRF:2
BRH:2
end_of_record
TN:
SF:controllers\adminController.js
FN:12,(anonymous_0)
FN:18,(anonymous_1)
FN:34,(anonymous_2)
FN:56,(anonymous_3)
FN:82,(anonymous_4)
FN:123,(anonymous_5)
FN:127,(anonymous_6)
FNF:7
FNH:0
FNDA:0,(anonymous_0)
FNDA:0,(anonymous_1)
FNDA:0,(anonymous_2)
FNDA:0,(anonymous_3)
FNDA:0,(anonymous_4)
FNDA:0,(anonymous_5)
FNDA:0,(anonymous_6)
DA:1,1
DA:2,1
DA:3,1
DA:4,1
DA:5,1
DA:6,1
DA:12,1
DA:13,0
DA:14,0
DA:17,0
DA:20,0
DA:23,0
DA:27,0
DA:29,0
DA:34,1
DA:35,0
DA:36,0
DA:37,0
DA:39,0
DA:40,0
DA:42,0
DA:48,0
DA:50,0
DA:56,1
DA:57,0
DA:58,0
DA:59,0
DA:61,0
DA:62,0
DA:64,0
DA:72,0
DA:74,0
DA:82,1
DA:83,0
DA:84,0
DA:85,0
DA:86,0
DA:89,0
DA:90,0
DA:92,0
DA:93,0
DA:102,0
DA:107,0
DA:113,0
DA:118,0
DA:123,1
DA:124,0
DA:125,0
DA:126,0
DA:128,0
DA:129,0
DA:132,0
DA:134,0
LF:53
LH:11
BRDA:20,0,0,0
BRDA:20,0,1,0
BRDA:37,1,0,0
BRDA:37,1,1,0
BRDA:59,2,0,0
BRDA:59,2,1,0
BRDA:68,3,0,0
BRDA:68,3,1,0
BRDA:85,4,0,0
BRDA:85,4,1,0
BRDA:85,5,0,0
BRDA:85,5,1,0
BRDA:85,5,2,0
BRDA:90,6,0,0
BRDA:90,6,1,0
BRDA:104,7,0,0
BRDA:104,7,1,0
BRF:17
BRH:0
end_of_record
TN:
SF:controllers\appointmentController.js
FN:9,(anonymous_0)
FN:11,(anonymous_1)
FN:29,(anonymous_2)
FN:41,(anonymous_3)
FN:50,(anonymous_4)
FN:59,(anonymous_5)
FN:90,(anonymous_6)
FN:106,(anonymous_7)
FNF:8
FNH:8
FNDA:1,(anonymous_0)
FNDA:1,(anonymous_1)
FNDA:3,(anonymous_2)
FNDA:1,(anonymous_3)
FNDA:1,(anonymous_4)
FNDA:3,(anonymous_5)
FNDA:2,(anonymous_6)
FNDA:3,(anonymous_7)
DA:1,2
DA:2,2
DA:9,2
DA:10,1
DA:11,1
DA:12,1
DA:13,1
DA:15,1
DA:16,2
DA:17,2
DA:18,2
DA:19,2
DA:21,2
DA:22,2
DA:25,1
DA:29,2
DA:30,3
DA:31,3
DA:32,3
DA:33,3
DA:35,2
DA:36,2
DA:38,1
DA:39,1
DA:41,1
DA:42,1
DA:44,1
DA:50,1
DA:51,1
DA:53,0
DA:59,2
DA:60,3
DA:61,3
DA:62,3
DA:63,1
DA:66,2
DA:72,2
DA:74,1
DA:82,1
DA:84,0
DA:90,2
DA:91,2
DA:92,2
DA:93,2
DA:97,2
DA:99,0
DA:106,2
DA:107,3
DA:108,3
DA:109,3
DA:110,3
DA:112,2
DA:113,2
DA:114,2
DA:115,0
DA:117,2
DA:118,1
DA:121,1
DA:122,1
DA:123,1
DA:125,0
LF:61
LH:56
BRDA:15,0,0,3
BRDA:15,0,1,3
BRDA:15,0,2,3
BRDA:22,1,0,1
BRDA:22,1,1,1
BRDA:33,2,0,1
BRDA:33,2,1,2
BRDA:36,3,0,1
BRDA:36,3,1,1
BRDA:42,4,0,0
BRDA:42,4,1,1
BRDA:62,5,0,1
BRDA:62,5,1,2
BRDA:62,6,0,3
BRDA:62,6,1,2
BRDA:62,6,2,2
BRDA:72,7,0,1
BRDA:72,7,1,1
BRDA:92,8,0,1
BRDA:92,8,1,1
BRDA:110,9,0,1
BRDA:110,9,1,2
BRDA:112,10,0,2
BRDA:112,10,1,1
BRDA:113,11,0,2
BRDA:113,11,1,1
BRDA:114,12,0,0
BRDA:114,12,1,2
BRDA:114,13,0,2
BRDA:114,13,1,1
BRDA:117,14,0,1
BRDA:117,14,1,1
BRDA:117,15,0,2
BRDA:117,15,1,1
BRF:34
BRH:32
end_of_record
TN:
SF:controllers\authController.js
FN:7,(anonymous_0)
FN:10,(anonymous_1)
FN:13,(anonymous_2)
FN:49,(anonymous_3)
FN:70,(anonymous_4)
FN:75,(anonymous_5)
FN:101,(anonymous_6)
FN:130,(anonymous_7)
FN:150,(anonymous_8)
FN:166,(anonymous_9)
FNF:10
FNH:9
FNDA:3,(anonymous_0)
FNDA:2,(anonymous_1)
FNDA:2,(anonymous_2)
FNDA:1,(anonymous_3)
FNDA:0,(anonymous_4)
FNDA:1,(anonymous_5)
FNDA:1,(anonymous_6)
FNDA:1,(anonymous_7)
FNDA:1,(anonymous_8)
FNDA:1,(anonymous_9)
DA:1,2
DA:2,2
DA:3,2
DA:4,2
DA:5,2
DA:7,2
DA:8,3
DA:10,2
DA:11,2
DA:13,2
DA:14,2
DA:15,2
DA:16,2
DA:18,1
DA:19,1
DA:21,1
DA:22,1
DA:33,1
DA:34,1
DA:35,0
DA:36,0
DA:39,1
DA:40,1
DA:41,1
DA:42,1
DA:43,1
DA:45,0
DA:49,2
DA:50,1
DA:51,1
DA:52,1
DA:54,1
DA:55,1
DA:57,1
DA:58,1
DA:60,1
DA:61,1
DA:62,1
DA:63,1
DA:64,1
DA:66,0
DA:70,2
DA:71,0
DA:75,2
DA:76,1
DA:77,1
DA:78,1
DA:81,1
DA:82,1
DA:84,0
DA:87,1
DA:88,1
DA:89,1
DA:90,0
DA:93,1
DA:94,1
DA:96,0
DA:101,2
DA:102,1
DA:103,1
DA:104,1
DA:106,1
DA:107,1
DA:109,1
DA:110,1
DA:111,1
DA:112,1
DA:113,1
DA:115,1
DA:116,1
DA:117,1
DA:123,1
DA:125,0
DA:130,2
DA:131,1
DA:132,1
DA:133,1
DA:135,1
DA:136,1
DA:138,1
DA:139,1
DA:140,1
DA:141,1
DA:143,1
DA:145,0
DA:150,2
DA:151,1
DA:152,1
DA:153,1
DA:156,1
DA:157,1
DA:160,0
DA:163,1
DA:164,1
DA:166,1
DA:167,1
DA:169,1
DA:171,0
LF:98
LH:86
BRDA:16,0,0,1
BRDA:16,0,1,1
BRDA:16,1,0,2
BRDA:16,1,1,1
BRDA:16,1,2,1
BRDA:19,2,0,0
BRDA:19,2,1,1
BRDA:26,3,0,1
BRDA:26,3,1,1
BRDA:28,4,0,0
BRDA:28,4,1,1
BRDA:33,5,0,1
BRDA:33,5,1,0
BRDA:35,6,0,0
BRDA:35,6,1,0
BRDA:41,7,0,1
BRDA:41,7,1,0
BRDA:52,8,0,0
BRDA:52,8,1,1
BRDA:52,9,0,1
BRDA:52,9,1,1
BRDA:55,10,0,0
BRDA:55,10,1,1
BRDA:58,11,0,0
BRDA:58,11,1,1
BRDA:62,12,0,1
BRDA:62,12,1,0
BRDA:78,13,0,0
BRDA:78,13,1,1
BRDA:88,14,0,0
BRDA:88,14,1,1
BRDA:89,15,0,0
BRDA:89,15,1,1
BRDA:89,16,0,1
BRDA:89,16,1,1
BRDA:104,17,0,0
BRDA:104,17,1,1
BRDA:107,18,0,0
BRDA:107,18,1,1
BRDA:115,19,0,1
BRDA:115,19,1,1
BRDA:133,20,0,0
BRDA:133,20,1,1
BRDA:133,21,0,1
BRDA:133,21,1,1
BRDA:136,22,0,0
BRDA:136,22,1,1
BRDA:153,23,0,0
BRDA:153,23,1,1
BRDA:164,24,0,0
BRDA:164,24,1,1
BRDA:166,25,0,1
BRDA:166,25,1,0
BRF:53
BRH:33
end_of_record
TN:
SF:controllers\doctorController.js
FN:7,(anonymous_0)
FN:12,(anonymous_1)
FN:32,(anonymous_2)
FNF:3
FNH:0
FNDA:0,(anonymous_0)
FNDA:0,(anonymous_1)
FNDA:0,(anonymous_2)
DA:1,1
DA:2,1
DA:7,1
DA:8,0
DA:9,0
DA:11,0
DA:13,0
DA:14,0
DA:24,0
DA:26,0
DA:32,1
DA:33,0
DA:34,0
DA:35,0
DA:36,0
DA:39,0
DA:44,0
DA:46,0
DA:48,0
LF:19
LH:4
BRDA:35,0,0,0
BRDA:35,0,1,0
BRDA:44,1,0,0
BRDA:44,1,1,0
BRF:4
BRH:0
end_of_record
TN:
SF:controllers\medicineController.js
FN:8,(anonymous_0)
FN:26,(anonymous_1)
FN:47,(anonymous_2)
FN:58,(anonymous_3)
FN:68,(anonymous_4)
FN:79,(anonymous_5)
FN:101,(anonymous_6)
FN:126,(anonymous_7)
FNF:8
FNH:8
FNDA:2,(anonymous_0)
FNDA:2,(anonymous_1)
FNDA:1,(anonymous_2)
FNDA:1,(anonymous_3)
FNDA:2,(anonymous_4)
FNDA:2,(anonymous_5)
FNDA:4,(anonymous_6)
FNDA:2,(anonymous_7)
DA:1,2
DA:8,2
DA:9,2
DA:10,2
DA:11,2
DA:13,1
DA:14,1
DA:18,1
DA:20,0
DA:26,2
DA:27,2
DA:28,2
DA:29,2
DA:31,1
DA:40,1
DA:42,0
DA:47,2
DA:48,1
DA:49,1
DA:50,1
DA:52,0
DA:58,2
DA:59,1
DA:60,1
DA:61,1
DA:63,0
DA:68,2
DA:69,2
DA:70,2
DA:71,2
DA:72,1
DA:74,0
DA:79,2
DA:80,2
DA:81,2
DA:82,2
DA:87,2
DA:88,1
DA:90,0
DA:101,2
DA:102,4
DA:103,4
DA:104,4
DA:105,1
DA:108,3
DA:109,3
DA:111,2
DA:112,2
DA:113,1
DA:116,1
DA:117,1
DA:119,1
DA:121,0
DA:126,2
DA:127,2
DA:128,2
DA:129,2
DA:130,1
DA:132,0
LF:59
LH:51
BRDA:11,0,0,1
BRDA:11,0,1,1
BRDA:11,1,0,2
BRDA:11,1,1,1
BRDA:29,2,0,1
BRDA:29,2,1,1
BRDA:36,3,0,1
BRDA:36,3,1,1
BRDA:37,4,0,1
BRDA:37,4,1,1
BRDA:71,5,0,1
BRDA:71,5,1,1
BRDA:87,6,0,1
BRDA:87,6,1,1
BRDA:104,7,0,1
BRDA:104,7,1,3
BRDA:109,8,0,1
BRDA:109,8,1,2
BRDA:112,9,0,1
BRDA:112,9,1,1
BRDA:129,10,0,1
BRDA:129,10,1,1
BRF:22
BRH:22
end_of_record
TN:
SF:controllers\pathologyController.js
FN:6,(anonymous_0)
FN:29,(anonymous_1)
FN:49,(anonymous_2)
FN:72,(anonymous_3)
FN:92,(anonymous_4)
FNF:5
FNH:5
FNDA:2,(anonymous_0)
FNDA:3,(anonymous_1)
FNDA:3,(anonymous_2)
FNDA:2,(anonymous_3)
FNDA:4,(anonymous_4)
DA:1,2
DA:2,2
DA:6,2
DA:7,2
DA:8,2
DA:9,2
DA:10,1
DA:13,1
DA:19,1
DA:21,0
DA:29,2
DA:30,3
DA:31,3
DA:32,3
DA:33,2
DA:34,1
DA:36,3
DA:41,3
DA:43,0
DA:49,2
DA:50,3
DA:51,3
DA:54,3
DA:57,2
DA:60,2
DA:62,1
DA:63,1
DA:65,0
DA:72,2
DA:73,2
DA:74,2
DA:75,2
DA:76,1
DA:77,0
DA:79,1
DA:80,1
DA:81,1
DA:83,0
DA:92,2
DA:93,4
DA:94,4
DA:95,4
DA:97,3
DA:98,3
DA:100,2
DA:101,2
DA:103,1
DA:110,1
DA:111,1
DA:113,1
DA:115,0
LF:51
LH:45
BRDA:9,0,0,1
BRDA:9,0,1,1
BRDA:9,1,0,2
BRDA:9,1,1,1
BRDA:9,1,2,1
BRDA:32,2,0,1
BRDA:32,2,1,2
BRDA:33,3,0,1
BRDA:33,3,1,1
BRDA:34,4,0,1
BRDA:34,4,1,0
BRDA:54,5,0,1
BRDA:54,5,1,2
BRDA:57,6,0,2
BRDA:57,6,1,1
BRDA:57,6,2,2
BRDA:57,6,3,1
BRDA:57,6,4,1
BRDA:60,7,0,1
BRDA:60,7,1,1
BRDA:63,8,0,1
BRDA:63,8,1,1
BRDA:75,9,0,1
BRDA:75,9,1,1
BRDA:76,10,0,0
BRDA:76,10,1,1
BRDA:95,11,0,1
BRDA:95,11,1,3
BRDA:98,12,0,1
BRDA:98,12,1,2
BRDA:101,13,0,1
BRDA:101,13,1,1
BRF:32
BRH:30
end_of_record
TN:
SF:middleware\auth.js
FN:4,(anonymous_0)
FN:22,(anonymous_1)
FN:22,(anonymous_2)
FNF:3
FNH:3
FNDA:4,(anonymous_0)
FNDA:12,(anonymous_1)
FNDA:3,(anonymous_2)
DA:1,2
DA:2,2
DA:4,2
DA:5,4
DA:6,4
DA:7,1
DA:10,3
DA:11,3
DA:12,3
DA:13,2
DA:14,2
DA:15,1
DA:16,1
DA:18,1
DA:22,12
DA:23,3
DA:24,2
DA:25,1
LF:18
LH:18
BRDA:5,0,0,4
BRDA:5,0,1,1
BRDA:6,1,0,1
BRDA:6,1,1,3
BRDA:6,2,0,4
BRDA:6,2,1,3
BRDA:14,3,0,1
BRDA:14,3,1,1
BRDA:23,4,0,1
BRDA:23,4,1,2
BRDA:24,5,0,1
BRDA:24,5,1,1
BRF:12
BRH:12
end_of_record
TN:
SF:middleware\errorHandler.js
FN:1,(anonymous_0)
FNF:1
FNH:1
FNDA:1,(anonymous_0)
DA:1,2
DA:2,1
DA:3,1
DA:4,1
DA:5,1
LF:5
LH:5
BRDA:2,0,0,1
BRDA:2,0,1,0
BRDA:2,1,0,1
BRDA:2,1,1,1
BRDA:3,2,0,1
BRDA:3,2,1,0
BRDA:4,3,0,1
BRDA:4,3,1,0
BRF:8
BRH:5
end_of_record
TN:
SF:middleware\validate.js
FN:2,(anonymous_0)
FN:2,(anonymous_1)
FN:6,(anonymous_2)
FNF:3
FNH:3
FNDA:16,(anonymous_0)
FNDA:3,(anonymous_1)
FNDA:1,(anonymous_2)
DA:2,16
DA:3,3
DA:4,2
DA:5,2
DA:6,1
DA:7,1
DA:9,1
LF:7
LH:7
BRDA:3,0,0,1
BRDA:3,0,1,2
BRDA:5,1,0,1
BRDA:5,1,1,1
BRF:4
BRH:4
end_of_record
TN:
SF:models\Appointment.js
FNF:0
FNH:0
DA:1,2
DA:3,2
DA:12,2
LF:3
LH:3
BRF:0
BRH:0
end_of_record
TN:
SF:models\DoctorProfile.js
FNF:0
FNH:0
DA:1,3
DA:3,3
DA:10,3
DA:19,3
LF:4
LH:4
BRF:0
BRH:0
end_of_record
TN:
SF:models\LabProfile.js
FNF:0
FNH:0
DA:1,1
DA:5,1
DA:10,1
LF:3
LH:3
BRF:0
BRH:0
end_of_record
TN:
SF:models\Medicine.js
FNF:0
FNH:0
DA:1,2
DA:3,2
DA:14,2
DA:16,2
LF:4
LH:4
BRF:0
BRH:0
end_of_record
TN:
SF:models\PathologyRequest.js
FNF:0
FNH:0
DA:1,2
DA:3,2
DA:10,2
LF:3
LH:3
BRF:0
BRH:0
end_of_record
TN:
SF:models\PathologyResult.js
FNF:0
FNH:0
DA:1,2
DA:3,2
DA:11,2
LF:3
LH:3
BRF:0
BRH:0
end_of_record
TN:
SF:models\PatientProfile.js
FNF:0
FNH:0
DA:1,2
DA:3,2
DA:15,2
LF:3
LH:3
BRF:0
BRH:0
end_of_record
TN:
SF:models\User.js
FNF:0
FNH:0
DA:1,3
DA:6,3
DA:25,3
LF:3
LH:3
BRF:0
BRH:0
end_of_record
TN:
SF:routes\adminRoutes.js
FNF:0
FNH:0
DA:1,1
DA:2,1
DA:3,1
DA:10,1
DA:13,1
DA:15,1
DA:16,1
DA:17,1
DA:18,1
DA:19,1
DA:21,1
LF:11
LH:11
BRF:0
BRH:0
end_of_record
TN:
SF:routes\appointmentRoutes.js
FNF:0
FNH:0
DA:1,1
DA:2,1
DA:3,1
DA:4,1
DA:5,1
DA:11,1
DA:13,1
DA:14,1
DA:15,1
DA:16,1
DA:18,1
LF:11
LH:11
BRF:0
BRH:0
end_of_record
TN:
SF:routes\authRoutes.js
FNF:0
FNH:0
DA:1,1
DA:2,1
DA:3,1
DA:4,1
DA:5,1
DA:6,1
DA:8,1
DA:9,1
DA:10,1
DA:11,1
DA:12,1
DA:13,1
DA:14,1
DA:16,1
LF:14
LH:14
BRF:0
BRH:0
end_of_record
TN:
SF:routes\doctorRoutes.js
FNF:0
FNH:0
DA:1,1
DA:2,1
DA:3,1
DA:4,1
DA:6,1
DA:7,1
DA:9,1
LF:7
LH:7
BRF:0
BRH:0
end_of_record
TN:
SF:routes\medicineRoutes.js
FNF:0
FNH:0
DA:1,1
DA:2,1
DA:3,1
DA:4,1
DA:5,1
DA:15,1
DA:18,1
DA:22,1
DA:23,1
DA:24,1
DA:25,1
DA:26,1
DA:27,1
DA:28,1
DA:29,1
DA:31,1
LF:16
LH:16
BRF:0
BRH:0
end_of_record
TN:
SF:routes\pathologyRoutes.js
FNF:0
FNH:0
DA:1,1
DA:2,1
DA:3,1
DA:4,1
DA:5,1
DA:12,1
DA:15,1
DA:17,1
DA:18,1
DA:19,1
DA:20,1
DA:21,1
DA:23,1
LF:13
LH:13
BRF:0
BRH:0
end_of_record
TN:
SF:utils\sendEmail.js
FN:27,sendEmail
FNF:1
FNH:1
FNDA:2,sendEmail
DA:1,4
DA:2,4
DA:3,4
DA:5,0
DA:11,4
DA:13,4
DA:14,4
DA:15,1
DA:23,3
DA:24,0
DA:27,4
DA:28,2
DA:29,1
DA:36,1
DA:37,1
DA:41,1
DA:42,1
DA:43,1
LF:18
LH:16
BRDA:11,0,0,4
BRDA:11,0,1,1
BRDA:14,1,0,1
BRDA:14,1,1,3
BRDA:17,2,0,0
BRDA:17,2,1,1
BRDA:19,3,0,0
BRDA:19,3,1,1
BRDA:23,4,0,0
BRDA:23,4,1,3
BRDA:23,5,0,3
BRDA:23,5,1,0
BRDA:28,6,0,1
BRDA:28,6,1,1
BRDA:30,7,0,1
BRDA:30,7,1,0
BRDA:33,8,0,1
BRDA:33,8,1,1
BRDA:34,9,0,1
BRDA:34,9,1,0
BRDA:42,10,0,1
BRDA:42,10,1,0
BRF:22
BRH:15
end_of_record
TN:
SF:validators\appointment.js
FN:1,(anonymous_0)
FN:13,(anonymous_1)
FNF:2
FNH:1
FNDA:1,(anonymous_0)
FNDA:0,(anonymous_1)
DA:1,1
DA:3,1
DA:4,1
DA:11,1
DA:13,0
DA:14,0
DA:15,0
LF:7
LH:4
BRDA:3,0,0,1
BRDA:3,0,1,0
BRF:2
BRH:1
end_of_record
TN:
SF:validators\auth.js
FN:33,(anonymous_0)
FNF:1
FNH:0
FNDA:0,(anonymous_0)
DA:3,1
DA:4,1
DA:6,0
DA:7,0
DA:10,1
DA:11,1
DA:18,1
DA:23,1
DA:25,1
DA:27,1
DA:29,1
DA:33,0
DA:34,0
DA:35,0
DA:36,0
DA:37,0
DA:38,0
DA:39,0
LF:18
LH:9
BRDA:10,0,0,1
BRDA:10,0,1,0
BRF:2
BRH:1
end_of_record
TN:
SF:validators\medicine.js
FN:1,(anonymous_0)
FN:23,(anonymous_1)
FNF:2
FNH:1
FNDA:1,(anonymous_0)
FNDA:0,(anonymous_1)
DA:1,1
DA:3,1
DA:4,1
DA:13,1
DA:15,1
DA:23,0
DA:24,0
DA:25,0
DA:26,0
LF:9
LH:5
BRDA:3,0,0,1
BRDA:3,0,1,0
BRF:2
BRH:1
end_of_record
TN:
SF:validators\pathology.js
FN:1,(anonymous_0)
FN:15,(anonymous_1)
FNF:2
FNH:1
FNDA:1,(anonymous_0)
FNDA:0,(anonymous_1)
DA:1,1
DA:3,1
DA:4,1
DA:9,1
DA:15,0
DA:16,0
DA:17,0
LF:7
LH:4
BRDA:3,0,0,1
BRDA:3,0,1,0
BRF:2
BRH:1
end_of_record
